<?xml version="1.0" encoding="UTF-8"?>
<coverage generated="1576528471057" clover="3.2.0">
  <project timestamp="1576528471057" name="All files">
    <metrics statements="1" coveredstatements="1" conditionals="0" coveredconditionals="0" methods="2" coveredmethods="2" elements="3" coveredelements="3" complexity="0" loc="1" ncloc="1" packages="1" files="1" classes="1"/>
    <file name="app.js" path="J:\CODE\GitHub\ajs-4_closure\src\app.js">
      <metrics statements="1" coveredstatements="1" conditionals="0" coveredconditionals="0" methods="2" coveredmethods="2"/>
      <line num="1" count="9" type="stmt"/>
    </file>
  </project>
</coverage>
