{"J:\\CODE\\GitHub\\ajs-4_closure\\src\\app.js": {"path":"J:\\CODE\\GitHub\\ajs-4_closure\\src\\app.js","statementMap":{"0":{"start":{"line":1,"column":31},"end":{"line":1,"column":60}},"1":{"start":{"line":1,"column":41},"end":{"line":1,"column":60}}},"fnMap":{"0":{"name":"(anonymous_0)","decl":{"start":{"line":1,"column":15},"end":{"line":1,"column":16}},"loc":{"start":{"line":1,"column":31},"end":{"line":1,"column":60}},"line":1},"1":{"name":"(anonymous_1)","decl":{"start":{"line":1,"column":31},"end":{"line":1,"column":32}},"loc":{"start":{"line":1,"column":41},"end":{"line":1,"column":60}},"line":1}},"branchMap":{},"s":{"0":3,"1":9},"f":{"0":3,"1":9},"b":{},"_coverageSchema":"43e27e138ebf9cfc5966b082cf9a028302ed4184","hash":"9f7a75c8e303894e246539d79859aa8e87426b50"}
}
